<?xml version="1.0" encoding="utf-8"?><testsuites name="pytest tests"><testsuite name="pytest" errors="0" failures="0" skipped="0" tests="23" time="49.725" timestamp="2025-10-23T22:02:39.228655-05:00" hostname="ALCOM-11473"><testcase classname="tests.test_mcp_protocol.TestMCPProtocol" name="test_mcp_server_creates_successfully" time="0.102" /><testcase classname="tests.test_mcp_protocol.TestMCPProtocol" name="test_mcp_tools_registration" time="3.404" /><testcase classname="tests.test_mcp_protocol.TestMCPProtocol" name="test_mcp_resources_registration" time="1.007" /><testcase classname="tests.test_mcp_protocol.TestMCPProtocol" name="test_mcp_prompts_registration" time="0.268" /><testcase classname="tests.test_mcp_protocol.TestMCPProtocol" name="test_schema_hook_applies_correctly" time="0.158" /><testcase classname="tests.test_mcp_protocol.TestMCPProtocol" name="test_mcp_tool_search_reservations" time="0.208" /><testcase classname="tests.test_mcp_protocol.TestMCPProtocol" name="test_mcp_tool_get_reservation" time="0.136" /><testcase classname="tests.test_mcp_protocol.TestMCPProtocol" name="test_mcp_tool_get_folio" time="0.129" /><testcase classname="tests.test_mcp_protocol.TestMCPProtocol" name="test_mcp_tool_search_units" time="0.284" /><testcase classname="tests.test_mcp_protocol.TestMCPProtocol" name="test_mcp_tool_search_amenities" time="0.155" /><testcase classname="tests.test_mcp_protocol.TestMCPProtocol" name="test_mcp_tool_create_maintenance_work_order" time="0.118" /><testcase classname="tests.test_mcp_protocol.TestMCPProtocol" name="test_mcp_tool_create_housekeeping_work_order" time="0.061" /><testcase classname="tests.test_mcp_protocol.TestMCPProtocol" name="test_mcp_prompt_date_range_search" time="0.112" /><testcase classname="tests.test_mcp_protocol.TestMCPProtocol" name="test_mcp_server_integration" time="1.459" /><testcase classname="tests.test_mcp_server.TestMCPServer" name="test_server_imports_successfully" time="3.344" /><testcase classname="tests.test_mcp_server.TestMCPServer" name="test_server_has_required_attributes" time="0.009" /><testcase classname="tests.test_mcp_server.TestMCPServer" name="test_server_can_be_configured" time="0.011" /><testcase classname="tests.test_mcp_server.TestMCPServer" name="test_environment_variables_available" time="0.010" /><testcase classname="tests.test_mcp_server.TestMCPServer" name="test_schema_hook_is_active" time="0.011" /><testcase classname="tests.test_mcp_server.TestMCPServer" name="test_cors_configuration" time="0.010" /><testcase classname="tests.test_mcp_server.TestMCPServer" name="test_http_transport_configured" time="0.008" /><testcase classname="tests.test_mcp_server.TestMCPServer" name="test_server_startup_sequence" time="0.009" /><testcase classname="tests.test_mcp_server.TestMCPServer" name="test_fastmcp_cloud_compatibility" time="0.011" /></testsuite></testsuites>